Running Primer_Summary version v4.0...
Overwriting /home/dyap/Projects/PrimerDesign/FL/primer3/FL1006_v1_isPCR-output.fa. Press ENTER to continue or Ctrl-C to EXIT.
Reading from file: /home/dyap/Projects/PrimerDesign/FL/positions/FL1006_v1_positions.txt
Overwriting /home/dyap/temp/FL1006_v1_order. Press ENTER to continue or Ctrl-C to EXIT.
Overwriting /home/dyap/Projects/PrimerDesign/FL/primer3/FL1006_v1.AmpliconManifest. Press ENTER to continue or Ctrl-C to EXIT.
Overwriting /home/dyap/Projects/PrimerDesign/FL/Annotate/FL1006_v1_summary.html. Press ENTER to continue or Ctrl-C to EXIT.
Head of primer file:
"","Chr","Pos1","ID"
"1","chr1",874697,"FL1006N_chr1_874697"
"2","chr1",2488139,"FL1006N_chr1_2488139"
"3","chr1",19492217,"FL1006N_chr1_19492217"
"4","chr1",40027791,"FL1006N_chr1_40027791"
"5","chr1",43895444,"FL1006N_chr1_43895444"
"6","chr1",48705198,"FL1006N_chr1_48705198"
"7","chr1",68512617,"FL1006N_chr1_68512617"
"8","chr1",76344778,"FL1006N_chr1_76344778"
"9","chr1",89279257,"FL1006N_chr1_89279257"
i=FL1006N_chr10_102684278
2
Usage: grep [OPTION]... PATTERN [FILE]...
Try `grep --help' for more information.
Usage: grep [OPTION]... PATTERN [FILE]...
Try `grep --help' for more information.
Usage: grep [OPTION]... PATTERN [FILE]...
Try `grep --help' for more information.
Usage: grep [OPTION]... PATTERN [FILE]...
Try `grep --help' for more information.
===================================


+++++++++++++++++++++++++++++++
(standard_in) 1: parse error
(standard_in) 1: illegal character: L
(standard_in) 1: illegal character: N
(standard_in) 1: illegal character: _
(standard_in) 1: illegal character: T
(standard_in) 1: illegal character: T
(standard_in) 1: illegal character: T
(standard_in) 1: illegal character: T
(standard_in) 1: illegal character: G
(standard_in) 1: illegal character: T
(standard_in) 1: illegal character: G
(standard_in) 1: illegal character: T
(standard_in) 1: illegal character: T
(standard_in) 1: illegal character: G
(standard_in) 1: illegal character: T
(standard_in) 1: illegal character: G
(standard_in) 1: illegal character: G
(standard_in) 1: illegal character: T
(standard_in) 1: illegal character: G
(standard_in) 1: illegal character: G
(standard_in) 1: illegal character: T
(standard_in) 1: illegal character: T
(standard_in) 1: illegal character: T
(standard_in) 1: illegal character: T
(standard_in) 1: illegal character: G
(standard_in) 1: illegal character: T
(standard_in) 1: illegal character: T
(standard_in) 1: illegal character: T
(standard_in) 1: illegal character: T
(standard_in) 1: illegal character: G
PASS!
DONE.
#####
Order file generated:  /home/dyap/Projects/PrimerDesign/FL/primer3/FL1006_v1_primer_order.txt
Manifest File generated:  /home/dyap/Projects/PrimerDesign/FL/primer3/FL1006_v1.AmpliconManifest
<?xml version="1.0" encoding="UTF-8" ?>
<!DOCTYPE html PUBLIC "-//W3C//DTD XHTML 1.0 Strict//EN" "http://www.w3.org/TR/xhtml1/DTD/xhtml1-strict.dtd">
<!-- This file was created with the aha Ansi HTML Adapter. http://ziz.delphigl.com/tool_aha.php -->
<html xmlns="http://www.w3.org/1999/xhtml">
<head>
<meta http-equiv="Content-Type" content="application/xml+xhtml; charset=UTF-8" />
<title></title>
</head>
<body>
<pre>
Amplicons for FL Project
Sequences for Project: FL1006_v1
Sat Mar 29 00:04:23 PDT 2014
 
The First row is the USCS Amplicon with the primers in Green and the SNV context in blue.
The Second Row contains SNP/SNV/indel masking (red Ns). To help, the SNV context is red if there are Ns present and blue if there are no Ns present
 
Amplicons generated by Primer3, checked by in-silico PCR, QC'ed for Miseq run of 150
ID ---------------------------------------------------------------  ANNOVAR annotation ----------------------------------------------------   UCSC coordinates (SNV)
==========  LEFT PRIMER ====================================== context of SNV (red or blue) ================================================= RIGHT PRIMER =====
 
 
</pre>
</body>
</html>
<?xml version="1.0" encoding="UTF-8" ?>
<!DOCTYPE html PUBLIC "-//W3C//DTD XHTML 1.0 Strict//EN" "http://www.w3.org/TR/xhtml1/DTD/xhtml1-strict.dtd">
<!-- This file was created with the aha Ansi HTML Adapter. http://ziz.delphigl.com/tool_aha.php -->
<html xmlns="http://www.w3.org/1999/xhtml">
<head>
<meta http-equiv="Content-Type" content="application/xml+xhtml; charset=UTF-8" />
<title></title>
</head>
<body>
<pre>
############### FAILED ############## Amplicons for FL Project
Sequences for Project: FL1006_v1
Sat Mar 29 00:04:23 PDT 2014
 
#### FAILED ##### Amplicons failed QC'ed for Miseq run of 150
ID ---------------------------------------------------------------  ANNOVAR annotation ----------------------------------------------------   UCSC coordinates (SNV)
================================================================== context of SNV (red) ==========================================================================
 
 
</pre>
</body>
</html>
Amplicon Check File generated:  /home/dyap/Projects/PrimerDesign/FL/Annotate/FL1006_v1_summary.html
mkdir: cannot create directory `/home/dyap/public_html/FL': File exists
mkdir: cannot create directory `/home/dyap/public_html/FL/FL1006_v1': File exists
cp: cannot stat `/home/dyap/temp/FL1006_v1_QC.txt': No such file or directory
mkdir: cannot create directory `/home/dyap/public_html/FL/FL1006_v1/failed': File exists
cp: cannot stat `/home/dyap/Projects/PrimerDesign/FL/primer3/FL1006_v1_fail_QC_man.tmp': No such file or directory
cp: cannot stat `/home/dyap/Projects/PrimerDesign/FL/primer3/FL1006_v1_fail_QC_ord.tmp': No such file or directory
cp: cannot stat `/home/dyap/Projects/PrimerDesign/FL/primer3/FL1006_v1_fail_QC_supfig.tmp': No such file or directory
cat: /home/dyap/public_html/FL/FL1006_v1/failed/FL1006_v1_FAILED_order.txt: No such file or directory
Number that failed and iterated:
0
Files can be found here:
/home/dyap/public_html/FL/FL1006_v1
 or online at http://godel.cluster.bccrc.ca/workflow/primer3check/v4_pipeline/FL/FL1006_v1
building file list ... 
 0 files...8 files to consider
FL1006_v1/FL1006_v1.AmpliconManifest.txt
         250 100%    0.00kB/s    0:00:00         250 100%    0.00kB/s    0:00:00 (xfer#1, to-check=6/8)
FL1006_v1/FL1006_v1_SuppleFigFile.csv
          92 100%   89.84kB/s    0:00:00          92 100%   89.84kB/s    0:00:00 (xfer#2, to-check=5/8)
FL1006_v1/FL1006_v1_primer_order.txt
         101 100%   98.63kB/s    0:00:00         101 100%   98.63kB/s    0:00:00 (xfer#3, to-check=4/8)
FL1006_v1/FL1006_v1_summary.html
        1192 100%    1.14MB/s    0:00:00        1192 100%    1.14MB/s    0:00:00 (xfer#4, to-check=3/8)
FL1006_v1/failed/FL1006_v1_FAILED_positions.html
         969 100%  946.29kB/s    0:00:00         969 100%  946.29kB/s    0:00:00 (xfer#5, to-check=1/8)
FL1006_v1/failed/FL1006_v1_pos-to-redesign-primers.txt
           0 100%    0.00kB/s    0:00:00 (xfer#6, to-check=0/8)

sent 1954 bytes  received 194 bytes  1432.00 bytes/sec
total size is 2604  speedup is 1.21
